# JRE version: OpenJDK Runtime Environment (11.0.9.1+1) (build 11.0.9.1+1-Ubuntu-0ubuntu1.20.04)
# Java VM: OpenJDK 64-Bit Server VM (11.0.9.1+1-Ubuntu-0ubuntu1.20.04, mixed mode, sharing, tiered, compressed oops, g1 gc, linux-amd64)
Heap:
 garbage-first heap   total 389120K, used 163702K [0x0000000706c00000, 0x0000000800000000)
  region size 1024K, 155 young (158720K), 12 survivors (12288K)
 Metaspace       used 52154K, capacity 54002K, committed 54172K, reserved 1095680K
  class space    used 7321K, capacity 8049K, committed 8064K, reserved 1048576K
GC Heap History (12 events):
Event: 0.366 GC heap before
{Heap before GC invocations=0 (full 0):
 garbage-first heap   total 258048K, used 16072K [0x0000000706c00000, 0x0000000800000000)
  region size 1024K, 14 young (14336K), 0 survivors (0K)
 Metaspace       used 5318K, capacity 5644K, committed 5888K, reserved 1056768K
  class space    used 656K, capacity 763K, committed 768K, reserved 1048576K
}
Event: 0.393 GC heap after
{Heap after GC invocations=1 (full 0):
 garbage-first heap   total 258048K, used 7218K [0x0000000706c00000, 0x0000000800000000)
  region size 1024K, 2 young (2048K), 2 survivors (2048K)
 Metaspace       used 5318K, capacity 5644K, committed 5888K, reserved 1056768K
  class space    used 656K, capacity 763K, committed 768K, reserved 1048576K
}
Event: 0.488 GC heap before
{Heap before GC invocations=1 (full 0):
 garbage-first heap   total 258048K, used 17458K [0x0000000706c00000, 0x0000000800000000)
  region size 1024K, 13 young (13312K), 2 survivors (2048K)
 Metaspace       used 6847K, capacity 7174K, committed 7424K, reserved 1056768K
  class space    used 839K, capacity 994K, committed 1024K, reserved 1048576K
}
Event: 0.508 GC heap after
{Heap after GC invocations=2 (full 0):
 garbage-first heap   total 258048K, used 8311K [0x0000000706c00000, 0x0000000800000000)
  region size 1024K, 1 young (1024K), 1 survivors (1024K)
 Metaspace       used 6847K, capacity 7174K, committed 7424K, reserved 1056768K
  class space    used 839K, capacity 994K, committed 1024K, reserved 1048576K
}
Event: 0.512 GC heap before
{Heap before GC invocations=2 (full 0):
 garbage-first heap   total 258048K, used 26743K [0x0000000706c00000, 0x0000000800000000)
  region size 1024K, 20 young (20480K), 1 survivors (1024K)
 Metaspace       used 6847K, capacity 7174K, committed 7424K, reserved 1056768K
  class space    used 839K, capacity 994K, committed 1024K, reserved 1048576K
}
Event: 0.514 GC heap after
{Heap after GC invocations=3 (full 0):
 garbage-first heap   total 258048K, used 8313K [0x0000000706c00000, 0x0000000800000000)
  region size 1024K, 1 young (1024K), 1 survivors (1024K)
 Metaspace       used 6847K, capacity 7174K, committed 7424K, reserved 1056768K
  class space    used 839K, capacity 994K, committed 1024K, reserved 1048576K
}
Event: 1.066 GC heap before
{Heap before GC invocations=3 (full 0):
 garbage-first heap   total 258048K, used 159865K [0x0000000706c00000, 0x0000000800000000)
  region size 1024K, 150 young (153600K), 1 survivors (1024K)
 Metaspace       used 17869K, capacity 18547K, committed 18944K, reserved 1064960K
  class space    used 2442K, capacity 2710K, committed 2816K, reserved 1048576K
}
Event: 1.072 GC heap after
{Heap after GC invocations=4 (full 0):
 garbage-first heap   total 258048K, used 11674K [0x0000000706c00000, 0x0000000800000000)
  region size 1024K, 5 young (5120K), 5 survivors (5120K)
 Metaspace       used 17869K, capacity 18547K, committed 18944K, reserved 1064960K
  class space    used 2442K, capacity 2710K, committed 2816K, reserved 1048576K
}
Event: 1.289 GC heap before
{Heap before GC invocations=4 (full 0):
 garbage-first heap   total 258048K, used 52634K [0x0000000706c00000, 0x0000000800000000)
  region size 1024K, 47 young (48128K), 5 survivors (5120K)
 Metaspace       used 20211K, capacity 21179K, committed 21296K, reserved 1067008K
  class space    used 2780K, capacity 3148K, committed 3200K, reserved 1048576K
}
Event: 1.295 GC heap after
{Heap after GC invocations=5 (full 0):
 garbage-first heap   total 389120K, used 13254K [0x0000000706c00000, 0x0000000800000000)
  region size 1024K, 6 young (6144K), 6 survivors (6144K)
 Metaspace       used 20211K, capacity 21179K, committed 21296K, reserved 1067008K
  class space    used 2780K, capacity 3148K, committed 3200K, reserved 1048576K
}
Event: 2.067 GC heap before
{Heap before GC invocations=6 (full 0):
 garbage-first heap   total 389120K, used 224198K [0x0000000706c00000, 0x0000000800000000)
  region size 1024K, 214 young (219136K), 6 survivors (6144K)
 Metaspace       used 34343K, capacity 35788K, committed 35920K, reserved 1079296K
  class space    used 4812K, capacity 5376K, committed 5376K, reserved 1048576K
}
Event: 2.078 GC heap after
{Heap after GC invocations=7 (full 0):
 garbage-first heap   total 389120K, used 19318K [0x0000000706c00000, 0x0000000800000000)
  region size 1024K, 12 young (12288K), 12 survivors (12288K)
 Metaspace       used 34343K, capacity 35788K, committed 35920K, reserved 1079296K
  class space    used 4812K, capacity 5376K, committed 5376K, reserved 1048576K
}

