# JRE version: OpenJDK Runtime Environment (11.0.9.1+1) (build 11.0.9.1+1-Ubuntu-0ubuntu1.20.04)
# Java VM: OpenJDK 64-Bit Server VM (11.0.9.1+1-Ubuntu-0ubuntu1.20.04, mixed mode, sharing, tiered, compressed oops, g1 gc, linux-amd64)
Heap:
 garbage-first heap   total 311296K, used 19753K [0x0000000706c00000, 0x0000000800000000)
  region size 1024K, 13 young (13312K), 12 survivors (12288K)
 Metaspace       used 34587K, capacity 35991K, committed 36252K, reserved 1081344K
  class space    used 4828K, capacity 5380K, committed 5452K, reserved 1048576K
GC Heap History (14 events):
Event: 0.451 GC heap before
{Heap before GC invocations=0 (full 0):
 garbage-first heap   total 258048K, used 15048K [0x0000000706c00000, 0x0000000800000000)
  region size 1024K, 14 young (14336K), 0 survivors (0K)
 Metaspace       used 5393K, capacity 5653K, committed 5888K, reserved 1056768K
  class space    used 659K, capacity 766K, committed 768K, reserved 1048576K
}
Event: 0.462 GC heap after
{Heap after GC invocations=1 (full 0):
 garbage-first heap   total 258048K, used 7369K [0x0000000706c00000, 0x0000000800000000)
  region size 1024K, 2 young (2048K), 2 survivors (2048K)
 Metaspace       used 5393K, capacity 5653K, committed 5888K, reserved 1056768K
  class space    used 659K, capacity 766K, committed 768K, reserved 1048576K
}
Event: 0.563 GC heap before
{Heap before GC invocations=1 (full 0):
 garbage-first heap   total 258048K, used 18633K [0x0000000706c00000, 0x0000000800000000)
  region size 1024K, 14 young (14336K), 2 survivors (2048K)
 Metaspace       used 6893K, capacity 7238K, committed 7424K, reserved 1056768K
  class space    used 839K, capacity 994K, committed 1024K, reserved 1048576K
}
Event: 0.569 GC heap after
{Heap after GC invocations=2 (full 0):
 garbage-first heap   total 258048K, used 8358K [0x0000000706c00000, 0x0000000800000000)
  region size 1024K, 1 young (1024K), 1 survivors (1024K)
 Metaspace       used 6893K, capacity 7238K, committed 7424K, reserved 1056768K
  class space    used 839K, capacity 994K, committed 1024K, reserved 1048576K
}
Event: 0.585 GC heap before
{Heap before GC invocations=2 (full 0):
 garbage-first heap   total 258048K, used 30886K [0x0000000706c00000, 0x0000000800000000)
  region size 1024K, 24 young (24576K), 1 survivors (1024K)
 Metaspace       used 6893K, capacity 7238K, committed 7424K, reserved 1056768K
  class space    used 839K, capacity 994K, committed 1024K, reserved 1048576K
}
Event: 0.587 GC heap after
{Heap after GC invocations=3 (full 0):
 garbage-first heap   total 258048K, used 8377K [0x0000000706c00000, 0x0000000800000000)
  region size 1024K, 1 young (1024K), 1 survivors (1024K)
 Metaspace       used 6893K, capacity 7238K, committed 7424K, reserved 1056768K
  class space    used 839K, capacity 994K, committed 1024K, reserved 1048576K
}
Event: 0.804 GC heap before
{Heap before GC invocations=3 (full 0):
 garbage-first heap   total 258048K, used 45241K [0x0000000706c00000, 0x0000000800000000)
  region size 1024K, 38 young (38912K), 1 survivors (1024K)
 Metaspace       used 9507K, capacity 9983K, committed 10240K, reserved 1058816K
  class space    used 1280K, capacity 1474K, committed 1536K, reserved 1048576K
}
Event: 0.807 GC heap after
{Heap after GC invocations=4 (full 0):
 garbage-first heap   total 258048K, used 9235K [0x0000000706c00000, 0x0000000800000000)
  region size 1024K, 2 young (2048K), 2 survivors (2048K)
 Metaspace       used 9507K, capacity 9983K, committed 10240K, reserved 1058816K
  class space    used 1280K, capacity 1474K, committed 1536K, reserved 1048576K
}
Event: 1.378 GC heap before
{Heap before GC invocations=4 (full 0):
 garbage-first heap   total 258048K, used 157715K [0x0000000706c00000, 0x0000000800000000)
  region size 1024K, 149 young (152576K), 2 survivors (2048K)
 Metaspace       used 20223K, capacity 21171K, committed 21296K, reserved 1067008K
  class space    used 2769K, capacity 3145K, committed 3200K, reserved 1048576K
}
Event: 1.386 GC heap after
{Heap after GC invocations=5 (full 0):
 garbage-first heap   total 311296K, used 13223K [0x0000000706c00000, 0x0000000800000000)
  region size 1024K, 6 young (6144K), 6 survivors (6144K)
 Metaspace       used 20223K, capacity 21171K, committed 21296K, reserved 1067008K
  class space    used 2769K, capacity 3145K, committed 3200K, reserved 1048576K
}
Event: 2.022 GC heap before
{Heap before GC invocations=6 (full 0):
 garbage-first heap   total 311296K, used 184231K [0x0000000706c00000, 0x0000000800000000)
  region size 1024K, 174 young (178176K), 6 survivors (6144K)
 Metaspace       used 28712K, capacity 30028K, committed 30384K, reserved 1075200K
  class space    used 3944K, capacity 4489K, committed 4608K, reserved 1048576K
}
Event: 2.034 GC heap after
{Heap after GC invocations=7 (full 0):
 garbage-first heap   total 311296K, used 17705K [0x0000000706c00000, 0x0000000800000000)
  region size 1024K, 10 young (10240K), 10 survivors (10240K)
 Metaspace       used 28712K, capacity 30028K, committed 30384K, reserved 1075200K
  class space    used 3944K, capacity 4489K, committed 4608K, reserved 1048576K
}
Event: 2.189 GC heap before
{Heap before GC invocations=7 (full 0):
 garbage-first heap   total 311296K, used 58665K [0x0000000706c00000, 0x0000000800000000)
  region size 1024K, 51 young (52224K), 10 survivors (10240K)
 Metaspace       used 34498K, capacity 35848K, committed 35920K, reserved 1079296K
  class space    used 4817K, capacity 5375K, committed 5376K, reserved 1048576K
}
Event: 2.200 GC heap after
{Heap after GC invocations=8 (full 0):
 garbage-first heap   total 311296K, used 19753K [0x0000000706c00000, 0x0000000800000000)
  region size 1024K, 12 young (12288K), 12 survivors (12288K)
 Metaspace       used 34498K, capacity 35848K, committed 35920K, reserved 1079296K
  class space    used 4817K, capacity 5375K, committed 5376K, reserved 1048576K
}

