# JRE version: OpenJDK Runtime Environment (11.0.9.1+1) (build 11.0.9.1+1-Ubuntu-0ubuntu1.20.04)
# Java VM: OpenJDK 64-Bit Server VM (11.0.9.1+1-Ubuntu-0ubuntu1.20.04, mixed mode, sharing, tiered, compressed oops, g1 gc, linux-amd64)
Heap:
 garbage-first heap   total 320512K, used 20262K [0x0000000706c00000, 0x0000000800000000)
  region size 1024K, 14 young (14336K), 10 survivors (10240K)
 Metaspace       used 27650K, capacity 28921K, committed 29104K, reserved 1075200K
  class space    used 3810K, capacity 4291K, committed 4352K, reserved 1048576K
GC Heap History (12 events):
Event: 0.331 GC heap before
{Heap before GC invocations=0 (full 0):
 garbage-first heap   total 258048K, used 16072K [0x0000000706c00000, 0x0000000800000000)
  region size 1024K, 14 young (14336K), 0 survivors (0K)
 Metaspace       used 5359K, capacity 5644K, committed 5888K, reserved 1056768K
  class space    used 656K, capacity 763K, committed 768K, reserved 1048576K
}
Event: 0.356 GC heap after
{Heap after GC invocations=1 (full 0):
 garbage-first heap   total 258048K, used 7443K [0x0000000706c00000, 0x0000000800000000)
  region size 1024K, 2 young (2048K), 2 survivors (2048K)
 Metaspace       used 5359K, capacity 5644K, committed 5888K, reserved 1056768K
  class space    used 656K, capacity 763K, committed 768K, reserved 1048576K
}
Event: 0.450 GC heap before
{Heap before GC invocations=1 (full 0):
 garbage-first heap   total 258048K, used 18707K [0x0000000706c00000, 0x0000000800000000)
  region size 1024K, 13 young (13312K), 2 survivors (2048K)
 Metaspace       used 6903K, capacity 7238K, committed 7424K, reserved 1056768K
  class space    used 839K, capacity 994K, committed 1024K, reserved 1048576K
}
Event: 0.455 GC heap after
{Heap after GC invocations=2 (full 0):
 garbage-first heap   total 258048K, used 8424K [0x0000000706c00000, 0x0000000800000000)
  region size 1024K, 1 young (1024K), 1 survivors (1024K)
 Metaspace       used 6903K, capacity 7238K, committed 7424K, reserved 1056768K
  class space    used 839K, capacity 994K, committed 1024K, reserved 1048576K
}
Event: 0.464 GC heap before
{Heap before GC invocations=2 (full 0):
 garbage-first heap   total 258048K, used 30952K [0x0000000706c00000, 0x0000000800000000)
  region size 1024K, 24 young (24576K), 1 survivors (1024K)
 Metaspace       used 6903K, capacity 7238K, committed 7424K, reserved 1056768K
  class space    used 839K, capacity 994K, committed 1024K, reserved 1048576K
}
Event: 0.466 GC heap after
{Heap after GC invocations=3 (full 0):
 garbage-first heap   total 258048K, used 8494K [0x0000000706c00000, 0x0000000800000000)
  region size 1024K, 1 young (1024K), 1 survivors (1024K)
 Metaspace       used 6903K, capacity 7238K, committed 7424K, reserved 1056768K
  class space    used 839K, capacity 994K, committed 1024K, reserved 1048576K
}
Event: 1.101 GC heap before
{Heap before GC invocations=3 (full 0):
 garbage-first heap   total 258048K, used 160046K [0x0000000706c00000, 0x0000000800000000)
  region size 1024K, 150 young (153600K), 1 survivors (1024K)
 Metaspace       used 18331K, capacity 19134K, committed 19456K, reserved 1067008K
  class space    used 2466K, capacity 2779K, committed 2816K, reserved 1048576K
}
Event: 1.106 GC heap after
{Heap after GC invocations=4 (full 0):
 garbage-first heap   total 258048K, used 12151K [0x0000000706c00000, 0x0000000800000000)
  region size 1024K, 5 young (5120K), 5 survivors (5120K)
 Metaspace       used 18331K, capacity 19134K, committed 19456K, reserved 1067008K
  class space    used 2466K, capacity 2779K, committed 2816K, reserved 1048576K
}
Event: 1.296 GC heap before
{Heap before GC invocations=4 (full 0):
 garbage-first heap   total 258048K, used 47991K [0x0000000706c00000, 0x0000000800000000)
  region size 1024K, 41 young (41984K), 5 survivors (5120K)
 Metaspace       used 20193K, capacity 21169K, committed 21296K, reserved 1067008K
  class space    used 2765K, capacity 3145K, committed 3200K, reserved 1048576K
}
Event: 1.303 GC heap after
{Heap after GC invocations=5 (full 0):
 garbage-first heap   total 320512K, used 13287K [0x0000000706c00000, 0x0000000800000000)
  region size 1024K, 6 young (6144K), 6 survivors (6144K)
 Metaspace       used 20193K, capacity 21169K, committed 21296K, reserved 1067008K
  class space    used 2765K, capacity 3145K, committed 3200K, reserved 1048576K
}
Event: 1.838 GC heap before
{Heap before GC invocations=6 (full 0):
 garbage-first heap   total 320512K, used 168935K [0x0000000706c00000, 0x0000000800000000)
  region size 1024K, 159 young (162816K), 6 survivors (6144K)
 Metaspace       used 27368K, capacity 28668K, committed 28848K, reserved 1073152K
  class space    used 3762K, capacity 4249K, committed 4352K, reserved 1048576K
}
Event: 1.847 GC heap after
{Heap after GC invocations=7 (full 0):
 garbage-first heap   total 320512K, used 17190K [0x0000000706c00000, 0x0000000800000000)
  region size 1024K, 10 young (10240K), 10 survivors (10240K)
 Metaspace       used 27368K, capacity 28668K, committed 28848K, reserved 1073152K
  class space    used 3762K, capacity 4249K, committed 4352K, reserved 1048576K
}

