# JRE version: OpenJDK Runtime Environment (11.0.9.1+1) (build 11.0.9.1+1-Ubuntu-0ubuntu1.20.04)
# Java VM: OpenJDK 64-Bit Server VM (11.0.9.1+1-Ubuntu-0ubuntu1.20.04, mixed mode, sharing, tiered, compressed oops, g1 gc, linux-amd64)
Heap:
 garbage-first heap   total 421888K, used 28098K [0x0000000706c00000, 0x0000000800000000)
  region size 1024K, 21 young (21504K), 20 survivors (20480K)
 Metaspace       used 54077K, capacity 55953K, committed 56296K, reserved 1097728K
  class space    used 7539K, capacity 8289K, committed 8344K, reserved 1048576K
GC Heap History (18 events):
Event: 0.420 GC heap before
{Heap before GC invocations=0 (full 0):
 garbage-first heap   total 258048K, used 16072K [0x0000000706c00000, 0x0000000800000000)
  region size 1024K, 14 young (14336K), 0 survivors (0K)
 Metaspace       used 5368K, capacity 5656K, committed 5888K, reserved 1056768K
  class space    used 660K, capacity 767K, committed 768K, reserved 1048576K
}
Event: 0.434 GC heap after
{Heap after GC invocations=1 (full 0):
 garbage-first heap   total 258048K, used 7365K [0x0000000706c00000, 0x0000000800000000)
  region size 1024K, 2 young (2048K), 2 survivors (2048K)
 Metaspace       used 5368K, capacity 5656K, committed 5888K, reserved 1056768K
  class space    used 660K, capacity 767K, committed 768K, reserved 1048576K
}
Event: 0.547 GC heap before
{Heap before GC invocations=1 (full 0):
 garbage-first heap   total 258048K, used 18629K [0x0000000706c00000, 0x0000000800000000)
  region size 1024K, 13 young (13312K), 2 survivors (2048K)
 Metaspace       used 6871K, capacity 7174K, committed 7424K, reserved 1056768K
  class space    used 839K, capacity 994K, committed 1024K, reserved 1048576K
}
Event: 0.552 GC heap after
{Heap after GC invocations=2 (full 0):
 garbage-first heap   total 258048K, used 8497K [0x0000000706c00000, 0x0000000800000000)
  region size 1024K, 1 young (1024K), 1 survivors (1024K)
 Metaspace       used 6871K, capacity 7174K, committed 7424K, reserved 1056768K
  class space    used 839K, capacity 994K, committed 1024K, reserved 1048576K
}
Event: 0.559 GC heap before
{Heap before GC invocations=2 (full 0):
 garbage-first heap   total 258048K, used 28977K [0x0000000706c00000, 0x0000000800000000)
  region size 1024K, 22 young (22528K), 1 survivors (1024K)
 Metaspace       used 6871K, capacity 7174K, committed 7424K, reserved 1056768K
  class space    used 839K, capacity 994K, committed 1024K, reserved 1048576K
}
Event: 0.561 GC heap after
{Heap after GC invocations=3 (full 0):
 garbage-first heap   total 258048K, used 8523K [0x0000000706c00000, 0x0000000800000000)
  region size 1024K, 1 young (1024K), 1 survivors (1024K)
 Metaspace       used 6871K, capacity 7174K, committed 7424K, reserved 1056768K
  class space    used 839K, capacity 994K, committed 1024K, reserved 1048576K
}
Event: 0.754 GC heap before
{Heap before GC invocations=3 (full 0):
 garbage-first heap   total 258048K, used 41291K [0x0000000706c00000, 0x0000000800000000)
  region size 1024K, 34 young (34816K), 1 survivors (1024K)
 Metaspace       used 8768K, capacity 9252K, committed 9600K, reserved 1056768K
  class space    used 1139K, capacity 1335K, committed 1408K, reserved 1048576K
}
Event: 0.763 GC heap after
{Heap after GC invocations=4 (full 0):
 garbage-first heap   total 258048K, used 9121K [0x0000000706c00000, 0x0000000800000000)
  region size 1024K, 2 young (2048K), 2 survivors (2048K)
 Metaspace       used 8768K, capacity 9252K, committed 9600K, reserved 1056768K
  class space    used 1139K, capacity 1335K, committed 1408K, reserved 1048576K
}
Event: 1.398 GC heap before
{Heap before GC invocations=4 (full 0):
 garbage-first heap   total 258048K, used 159649K [0x0000000706c00000, 0x0000000800000000)
  region size 1024K, 150 young (153600K), 2 survivors (2048K)
 Metaspace       used 19947K, capacity 20917K, committed 21120K, reserved 1067008K
  class space    used 2733K, capacity 3105K, committed 3200K, reserved 1048576K
}
Event: 1.406 GC heap after
{Heap after GC invocations=5 (full 0):
 garbage-first heap   total 331776K, used 13609K [0x0000000706c00000, 0x0000000800000000)
  region size 1024K, 6 young (6144K), 6 survivors (6144K)
 Metaspace       used 19947K, capacity 20917K, committed 21120K, reserved 1067008K
  class space    used 2733K, capacity 3105K, committed 3200K, reserved 1048576K
}
Event: 1.441 GC heap before
{Heap before GC invocations=5 (full 0):
 garbage-first heap   total 331776K, used 18729K [0x0000000706c00000, 0x0000000800000000)
  region size 1024K, 12 young (12288K), 6 survivors (6144K)
 Metaspace       used 20250K, capacity 21199K, committed 21296K, reserved 1067008K
  class space    used 2779K, capacity 3153K, committed 3200K, reserved 1048576K
}
Event: 1.447 GC heap after
{Heap after GC invocations=6 (full 0):
 garbage-first heap   total 331776K, used 13426K [0x0000000706c00000, 0x0000000800000000)
  region size 1024K, 6 young (6144K), 6 survivors (6144K)
 Metaspace       used 20250K, capacity 21199K, committed 21296K, reserved 1067008K
  class space    used 2779K, capacity 3153K, committed 3200K, reserved 1048576K
}
Event: 2.022 GC heap before
{Heap before GC invocations=7 (full 0):
 garbage-first heap   total 331776K, used 172146K [0x0000000706c00000, 0x0000000800000000)
  region size 1024K, 162 young (165888K), 6 survivors (6144K)
 Metaspace       used 27717K, capacity 28977K, committed 29104K, reserved 1075200K
  class space    used 3823K, capacity 4331K, committed 4352K, reserved 1048576K
}
Event: 2.029 GC heap after
{Heap after GC invocations=8 (full 0):
 garbage-first heap   total 331776K, used 17362K [0x0000000706c00000, 0x0000000800000000)
  region size 1024K, 10 young (10240K), 10 survivors (10240K)
 Metaspace       used 27717K, capacity 28977K, committed 29104K, reserved 1075200K
  class space    used 3823K, capacity 4331K, committed 4352K, reserved 1048576K
}
Event: 2.262 GC heap before
{Heap before GC invocations=8 (full 0):
 garbage-first heap   total 331776K, used 71634K [0x0000000706c00000, 0x0000000800000000)
  region size 1024K, 64 young (65536K), 10 survivors (10240K)
 Metaspace       used 34478K, capacity 35849K, committed 35920K, reserved 1079296K
  class space    used 4827K, capacity 5376K, committed 5376K, reserved 1048576K
}
Event: 2.272 GC heap after
{Heap after GC invocations=9 (full 0):
 garbage-first heap   total 331776K, used 19906K [0x0000000706c00000, 0x0000000800000000)
  region size 1024K, 12 young (12288K), 12 survivors (12288K)
 Metaspace       used 34478K, capacity 35849K, committed 35920K, reserved 1079296K
  class space    used 4827K, capacity 5376K, committed 5376K, reserved 1048576K
}
Event: 4.980 GC heap before
{Heap before GC invocations=10 (full 0):
 garbage-first heap   total 331776K, used 196034K [0x0000000706c00000, 0x0000000800000000)
  region size 1024K, 185 young (189440K), 12 survivors (12288K)
 Metaspace       used 54069K, capacity 55944K, committed 56296K, reserved 1097728K
  class space    used 7538K, capacity 8287K, committed 8344K, reserved 1048576K
}
Event: 5.001 GC heap after
{Heap after GC invocations=11 (full 0):
 garbage-first heap   total 421888K, used 28098K [0x0000000706c00000, 0x0000000800000000)
  region size 1024K, 20 young (20480K), 20 survivors (20480K)
 Metaspace       used 54069K, capacity 55944K, committed 56296K, reserved 1097728K
  class space    used 7538K, capacity 8287K, committed 8344K, reserved 1048576K
}

