# JRE version: OpenJDK Runtime Environment (11.0.8+10) (build 11.0.8+10-post-Ubuntu-0ubuntu120.04)
# Java VM: OpenJDK 64-Bit Server VM (11.0.8+10-post-Ubuntu-0ubuntu120.04, mixed mode, sharing, tiered, compressed oops, g1 gc, linux-amd64)
Heap:
 garbage-first heap   total 363520K, used 19649K [0x0000000706c00000, 0x0000000800000000)
  region size 1024K, 14 young (14336K), 13 survivors (13312K)
 Metaspace       used 34131K, capacity 35554K, committed 35884K, reserved 1079296K
  class space    used 4636K, capacity 5180K, committed 5248K, reserved 1048576K
GC Heap History (12 events):
Event: 0.358 GC heap before
{Heap before GC invocations=0 (full 0):
 garbage-first heap   total 258048K, used 15044K [0x0000000706c00000, 0x0000000800000000)
  region size 1024K, 14 young (14336K), 0 survivors (0K)
 Metaspace       used 5482K, capacity 5765K, committed 5888K, reserved 1056768K
  class space    used 663K, capacity 760K, committed 768K, reserved 1048576K
}
Event: 0.366 GC heap after
{Heap after GC invocations=1 (full 0):
 garbage-first heap   total 258048K, used 6842K [0x0000000706c00000, 0x0000000800000000)
  region size 1024K, 2 young (2048K), 2 survivors (2048K)
 Metaspace       used 5482K, capacity 5765K, committed 5888K, reserved 1056768K
  class space    used 663K, capacity 760K, committed 768K, reserved 1048576K
}
Event: 0.641 GC heap before
{Heap before GC invocations=1 (full 0):
 garbage-first heap   total 258048K, used 75450K [0x0000000706c00000, 0x0000000800000000)
  region size 1024K, 70 young (71680K), 2 survivors (2048K)
 Metaspace       used 9191K, capacity 9663K, committed 9984K, reserved 1058816K
  class space    used 1227K, capacity 1431K, committed 1536K, reserved 1048576K
}
Event: 0.648 GC heap after
{Heap after GC invocations=2 (full 0):
 garbage-first heap   total 258048K, used 8231K [0x0000000706c00000, 0x0000000800000000)
  region size 1024K, 4 young (4096K), 4 survivors (4096K)
 Metaspace       used 9191K, capacity 9663K, committed 9984K, reserved 1058816K
  class space    used 1227K, capacity 1431K, committed 1536K, reserved 1048576K
}
Event: 0.872 GC heap before
{Heap before GC invocations=2 (full 0):
 garbage-first heap   total 258048K, used 82983K [0x0000000706c00000, 0x0000000800000000)
  region size 1024K, 78 young (79872K), 4 survivors (4096K)
 Metaspace       used 15082K, capacity 15785K, committed 16128K, reserved 1062912K
  class space    used 1973K, capacity 2240K, committed 2304K, reserved 1048576K
}
Event: 0.885 GC heap after
{Heap after GC invocations=3 (full 0):
 garbage-first heap   total 258048K, used 9636K [0x0000000706c00000, 0x0000000800000000)
  region size 1024K, 5 young (5120K), 5 survivors (5120K)
 Metaspace       used 15082K, capacity 15785K, committed 16128K, reserved 1062912K
  class space    used 1973K, capacity 2240K, committed 2304K, reserved 1048576K
}
Event: 1.268 GC heap before
{Heap before GC invocations=3 (full 0):
 garbage-first heap   total 258048K, used 70052K [0x0000000706c00000, 0x0000000800000000)
  region size 1024K, 65 young (66560K), 5 survivors (5120K)
 Metaspace       used 19941K, capacity 20944K, committed 21248K, reserved 1067008K
  class space    used 2681K, capacity 3046K, committed 3072K, reserved 1048576K
}
Event: 1.278 GC heap after
{Heap after GC invocations=4 (full 0):
 garbage-first heap   total 258048K, used 11962K [0x0000000706c00000, 0x0000000800000000)
  region size 1024K, 7 young (7168K), 7 survivors (7168K)
 Metaspace       used 19941K, capacity 20944K, committed 21248K, reserved 1067008K
  class space    used 2681K, capacity 3046K, committed 3072K, reserved 1048576K
}
Event: 1.511 GC heap before
{Heap before GC invocations=5 (full 0):
 garbage-first heap   total 258048K, used 102074K [0x0000000706c00000, 0x0000000800000000)
  region size 1024K, 96 young (98304K), 7 survivors (7168K)
 Metaspace       used 23705K, capacity 24904K, committed 25216K, reserved 1071104K
  class space    used 3184K, capacity 3635K, committed 3712K, reserved 1048576K
}
Event: 1.522 GC heap after
{Heap after GC invocations=6 (full 0):
 garbage-first heap   total 363520K, used 14632K [0x0000000706c00000, 0x0000000800000000)
  region size 1024K, 8 young (8192K), 8 survivors (8192K)
 Metaspace       used 23705K, capacity 24904K, committed 25216K, reserved 1071104K
  class space    used 3184K, capacity 3635K, committed 3712K, reserved 1048576K
}
Event: 1.878 GC heap before
{Heap before GC invocations=6 (full 0):
 garbage-first heap   total 363520K, used 108840K [0x0000000706c00000, 0x0000000800000000)
  region size 1024K, 102 young (104448K), 8 survivors (8192K)
 Metaspace       used 34127K, capacity 35490K, committed 35628K, reserved 1079296K
  class space    used 4635K, capacity 5180K, committed 5248K, reserved 1048576K
}
Event: 1.892 GC heap after
{Heap after GC invocations=7 (full 0):
 garbage-first heap   total 363520K, used 19649K [0x0000000706c00000, 0x0000000800000000)
  region size 1024K, 13 young (13312K), 13 survivors (13312K)
 Metaspace       used 34127K, capacity 35490K, committed 35628K, reserved 1079296K
  class space    used 4635K, capacity 5180K, committed 5248K, reserved 1048576K
}

