# JRE version: OpenJDK Runtime Environment (11.0.9.1+1) (build 11.0.9.1+1-Ubuntu-0ubuntu1.20.04)
# Java VM: OpenJDK 64-Bit Server VM (11.0.9.1+1-Ubuntu-0ubuntu1.20.04, mixed mode, sharing, tiered, compressed oops, g1 gc, linux-amd64)
Heap:
 garbage-first heap   total 258048K, used 84740K [0x0000000706c00000, 0x0000000800000000)
  region size 1024K, 81 young (82944K), 8 survivors (8192K)
 Metaspace       used 16513K, capacity 17886K, committed 18304K, reserved 1064960K
  class space    used 1856K, capacity 2096K, committed 2176K, reserved 1048576K
GC Heap History (9 events):
Event: 0.246 GC heap before
{Heap before GC invocations=0 (full 0):
 garbage-first heap   total 258048K, used 15048K [0x0000000706c00000, 0x0000000800000000)
  region size 1024K, 14 young (14336K), 0 survivors (0K)
 Metaspace       used 3857K, capacity 6897K, committed 7040K, reserved 1056768K
  class space    used 452K, capacity 792K, committed 896K, reserved 1048576K
}
Event: 0.251 GC heap after
{Heap after GC invocations=1 (full 0):
 garbage-first heap   total 258048K, used 3304K [0x0000000706c00000, 0x0000000800000000)
  region size 1024K, 2 young (2048K), 2 survivors (2048K)
 Metaspace       used 3857K, capacity 6897K, committed 7040K, reserved 1056768K
  class space    used 452K, capacity 792K, committed 896K, reserved 1048576K
}
Event: 0.342 GC heap before
{Heap before GC invocations=1 (full 0):
 garbage-first heap   total 258048K, used 14568K [0x0000000706c00000, 0x0000000800000000)
  region size 1024K, 13 young (13312K), 2 survivors (2048K)
 Metaspace       used 5196K, capacity 7741K, committed 7936K, reserved 1056768K
  class space    used 638K, capacity 924K, committed 1024K, reserved 1048576K
}
Event: 0.348 GC heap after
{Heap after GC invocations=2 (full 0):
 garbage-first heap   total 258048K, used 4014K [0x0000000706c00000, 0x0000000800000000)
  region size 1024K, 1 young (1024K), 1 survivors (1024K)
 Metaspace       used 5196K, capacity 7741K, committed 7936K, reserved 1056768K
  class space    used 638K, capacity 924K, committed 1024K, reserved 1048576K
}
Event: 0.673 GC heap before
{Heap before GC invocations=2 (full 0):
 garbage-first heap   total 258048K, used 35758K [0x0000000706c00000, 0x0000000800000000)
  region size 1024K, 32 young (32768K), 1 survivors (1024K)
 Metaspace       used 10315K, capacity 12448K, committed 12928K, reserved 1060864K
  class space    used 1278K, capacity 1549K, committed 1664K, reserved 1048576K
}
Event: 0.676 GC heap after
{Heap after GC invocations=3 (full 0):
 garbage-first heap   total 258048K, used 5326K [0x0000000706c00000, 0x0000000800000000)
  region size 1024K, 2 young (2048K), 2 survivors (2048K)
 Metaspace       used 10315K, capacity 12448K, committed 12928K, reserved 1060864K
  class space    used 1278K, capacity 1549K, committed 1664K, reserved 1048576K
}
Event: 1.228 GC heap before
{Heap before GC invocations=3 (full 0):
 garbage-first heap   total 258048K, used 60622K [0x0000000706c00000, 0x0000000800000000)
  region size 1024K, 56 young (57344K), 2 survivors (2048K)
 Metaspace       used 14828K, capacity 16338K, committed 16896K, reserved 1064960K
  class space    used 1715K, capacity 1946K, committed 2048K, reserved 1048576K
}
Event: 1.235 GC heap after
{Heap after GC invocations=4 (full 0):
 garbage-first heap   total 258048K, used 9988K [0x0000000706c00000, 0x0000000800000000)
  region size 1024K, 7 young (7168K), 7 survivors (7168K)
 Metaspace       used 14828K, capacity 16338K, committed 16896K, reserved 1064960K
  class space    used 1715K, capacity 1946K, committed 2048K, reserved 1048576K
}
Event: 1.666 GC heap before
{Heap before GC invocations=4 (full 0):
 garbage-first heap   total 258048K, used 84740K [0x0000000706c00000, 0x0000000800000000)
  region size 1024K, 80 young (81920K), 7 survivors (7168K)
 Metaspace       used 16513K, capacity 17886K, committed 18304K, reserved 1064960K
  class space    used 1856K, capacity 2096K, committed 2176K, reserved 1048576K
}

