# JRE version: OpenJDK Runtime Environment (11.0.9.1+1) (build 11.0.9.1+1-Ubuntu-0ubuntu1.20.04)
# Java VM: OpenJDK 64-Bit Server VM (11.0.9.1+1-Ubuntu-0ubuntu1.20.04, mixed mode, sharing, tiered, compressed oops, g1 gc, linux-amd64)
Heap:
 garbage-first heap   total 258048K, used 148300K [0x0000000706c00000, 0x0000000800000000)
  region size 1024K, 140 young (143360K), 2 survivors (2048K)
 Metaspace       used 19124K, capacity 19851K, committed 20096K, reserved 1067008K
  class space    used 2594K, capacity 2909K, committed 2944K, reserved 1048576K
GC Heap History (8 events):
Event: 0.376 GC heap before
{Heap before GC invocations=0 (full 0):
 garbage-first heap   total 258048K, used 16072K [0x0000000706c00000, 0x0000000800000000)
  region size 1024K, 14 young (14336K), 0 survivors (0K)
 Metaspace       used 5368K, capacity 5656K, committed 5888K, reserved 1056768K
  class space    used 660K, capacity 767K, committed 768K, reserved 1048576K
}
Event: 0.400 GC heap after
{Heap after GC invocations=1 (full 0):
 garbage-first heap   total 258048K, used 7352K [0x0000000706c00000, 0x0000000800000000)
  region size 1024K, 2 young (2048K), 2 survivors (2048K)
 Metaspace       used 5368K, capacity 5656K, committed 5888K, reserved 1056768K
  class space    used 660K, capacity 767K, committed 768K, reserved 1048576K
}
Event: 0.500 GC heap before
{Heap before GC invocations=1 (full 0):
 garbage-first heap   total 258048K, used 18616K [0x0000000706c00000, 0x0000000800000000)
  region size 1024K, 13 young (13312K), 2 survivors (2048K)
 Metaspace       used 6868K, capacity 7174K, committed 7424K, reserved 1056768K
  class space    used 839K, capacity 994K, committed 1024K, reserved 1048576K
}
Event: 0.505 GC heap after
{Heap after GC invocations=2 (full 0):
 garbage-first heap   total 258048K, used 8386K [0x0000000706c00000, 0x0000000800000000)
  region size 1024K, 1 young (1024K), 1 survivors (1024K)
 Metaspace       used 6868K, capacity 7174K, committed 7424K, reserved 1056768K
  class space    used 839K, capacity 994K, committed 1024K, reserved 1048576K
}
Event: 0.510 GC heap before
{Heap before GC invocations=2 (full 0):
 garbage-first heap   total 258048K, used 28866K [0x0000000706c00000, 0x0000000800000000)
  region size 1024K, 22 young (22528K), 1 survivors (1024K)
 Metaspace       used 6869K, capacity 7174K, committed 7424K, reserved 1056768K
  class space    used 839K, capacity 994K, committed 1024K, reserved 1048576K
}
Event: 0.512 GC heap after
{Heap after GC invocations=3 (full 0):
 garbage-first heap   total 258048K, used 8386K [0x0000000706c00000, 0x0000000800000000)
  region size 1024K, 1 young (1024K), 1 survivors (1024K)
 Metaspace       used 6869K, capacity 7174K, committed 7424K, reserved 1056768K
  class space    used 839K, capacity 994K, committed 1024K, reserved 1048576K
}
Event: 0.647 GC heap before
{Heap before GC invocations=3 (full 0):
 garbage-first heap   total 258048K, used 41154K [0x0000000706c00000, 0x0000000800000000)
  region size 1024K, 34 young (34816K), 1 survivors (1024K)
 Metaspace       used 8766K, capacity 9252K, committed 9344K, reserved 1056768K
  class space    used 1139K, capacity 1335K, committed 1408K, reserved 1048576K
}
Event: 0.651 GC heap after
{Heap after GC invocations=4 (full 0):
 garbage-first heap   total 258048K, used 9036K [0x0000000706c00000, 0x0000000800000000)
  region size 1024K, 2 young (2048K), 2 survivors (2048K)
 Metaspace       used 8766K, capacity 9252K, committed 9344K, reserved 1056768K
  class space    used 1139K, capacity 1335K, committed 1408K, reserved 1048576K
}

